[1113/112303.319:ERROR:directory_reader_win.cc(43)] FindFirstFile: Системе не удается найти указанный путь. (0x3)
[1114/133059.931:ERROR:process_memory_win.cc(73)] ReadMemory at 0x1feddb0efb0 of 72 bytes failed: Запрос ReadProcessMemory или WriteProcessMemory был выполнен только частично. (0x12B)
[1114/133059.935:WARNING:pe_image_annotations_reader.cc(135)] could not read annotations list object in C:\Program Files\BraveSoftware\Brave-Browser\Application\86.1.16.76\chrome_elf.dll
[1114/133059.935:ERROR:process_memory_win.cc(73)] ReadMemory at 0x1feddbf6200 of 72 bytes failed: Запрос ReadProcessMemory или WriteProcessMemory был выполнен только частично. (0x12B)
[1114/133059.935:WARNING:pe_image_annotations_reader.cc(135)] could not read annotations list object in C:\Program Files\BraveSoftware\Brave-Browser\Application\86.1.16.76\chrome.dll
[1114/133059.936:ERROR:process_memory_win.cc(73)] ReadMemory at 0x1feddb0efb0 of 72 bytes failed: Запрос ReadProcessMemory или WriteProcessMemory был выполнен только частично. (0x12B)
[1114/133059.936:WARNING:pe_image_annotations_reader.cc(135)] could not read annotations list object in C:\Program Files\BraveSoftware\Brave-Browser\Application\86.1.16.76\chrome_elf.dll
[1114/133059.937:ERROR:process_memory_win.cc(73)] ReadMemory at 0x7ffe4aac0180 of 40 bytes failed: Запрос ReadProcessMemory или WriteProcessMemory был выполнен только частично. (0x12B)
[1114/133059.937:WARNING:pe_image_reader.cc(392)] could not read section 0 from C:\Program Files\BraveSoftware\Brave-Browser\Application\86.1.16.76\chrome.dll
[1114/133059.951:ERROR:process_memory_win.cc(73)] ReadMemory at 0xc2edbe7000 of 102400 bytes failed: Запрос ReadProcessMemory или WriteProcessMemory был выполнен только частично. (0x12B)
[1114/133059.951:ERROR:process_memory_win.cc(73)] ReadMemory at 0xc2ee3fe000 of 8192 bytes failed: Запрос ReadProcessMemory или WriteProcessMemory был выполнен только частично. (0x12B)
[1114/133059.951:ERROR:process_memory_win.cc(73)] ReadMemory at 0xc2eebfe000 of 8192 bytes failed: Запрос ReadProcessMemory или WriteProcessMemory был выполнен только частично. (0x12B)
[1114/133059.952:ERROR:process_memory_win.cc(73)] ReadMemory at 0xc2ef3fd000 of 12288 bytes failed: Запрос ReadProcessMemory или WriteProcessMemory был выполнен только частично. (0x12B)
[1114/133059.952:ERROR:process_memory_win.cc(73)] ReadMemory at 0xc2efbfd000 of 12288 bytes failed: Запрос ReadProcessMemory или WriteProcessMemory был выполнен только частично. (0x12B)
[1114/133059.952:ERROR:process_memory_win.cc(73)] ReadMemory at 0xc2f03fc000 of 16384 bytes failed: Запрос ReadProcessMemory или WriteProcessMemory был выполнен только частично. (0x12B)
[1114/133059.952:ERROR:process_memory_win.cc(73)] ReadMemory at 0xc2f0bfe000 of 8192 bytes failed: Запрос ReadProcessMemory или WriteProcessMemory был выполнен только частично. (0x12B)
[1114/133059.952:ERROR:process_memory_win.cc(73)] ReadMemory at 0xc2f13fe000 of 8192 bytes failed: Запрос ReadProcessMemory или WriteProcessMemory был выполнен только частично. (0x12B)
[1114/133059.952:ERROR:process_memory_win.cc(73)] ReadMemory at 0xc2f1bfd000 of 12288 bytes failed: Запрос ReadProcessMemory или WriteProcessMemory был выполнен только частично. (0x12B)
[1114/133059.952:ERROR:process_memory_win.cc(73)] ReadMemory at 0xc2f23fe000 of 8192 bytes failed: Запрос ReadProcessMemory или WriteProcessMemory был выполнен только частично. (0x12B)
[1114/133059.953:ERROR:process_memory_win.cc(73)] ReadMemory at 0xc2f2bfe000 of 8192 bytes failed: Запрос ReadProcessMemory или WriteProcessMemory был выполнен только частично. (0x12B)
[1114/133059.953:ERROR:process_memory_win.cc(73)] ReadMemory at 0xc2f33fe000 of 8192 bytes failed: Запрос ReadProcessMemory или WriteProcessMemory был выполнен только частично. (0x12B)
[1114/133059.953:ERROR:process_memory_win.cc(73)] ReadMemory at 0xc2f3bfe000 of 8192 bytes failed: Запрос ReadProcessMemory или WriteProcessMemory был выполнен только частично. (0x12B)
[1114/133059.953:ERROR:process_memory_win.cc(73)] ReadMemory at 0xc2f43fe000 of 8192 bytes failed: Запрос ReadProcessMemory или WriteProcessMemory был выполнен только частично. (0x12B)
[1114/133059.953:ERROR:process_memory_win.cc(73)] ReadMemory at 0xc2f4bfe000 of 8192 bytes failed: Запрос ReadProcessMemory или WriteProcessMemory был выполнен только частично. (0x12B)
[1114/133059.953:ERROR:process_memory_win.cc(73)] ReadMemory at 0xc2f53fe000 of 8192 bytes failed: Запрос ReadProcessMemory или WriteProcessMemory был выполнен только частично. (0x12B)
[1114/133059.953:ERROR:process_memory_win.cc(73)] ReadMemory at 0xc2f5bfc000 of 16384 bytes failed: Запрос ReadProcessMemory или WriteProcessMemory был выполнен только частично. (0x12B)
[1114/133059.953:ERROR:process_memory_win.cc(73)] ReadMemory at 0xc2f6bfe000 of 8192 bytes failed: Запрос ReadProcessMemory или WriteProcessMemory был выполнен только частично. (0x12B)
[1114/133059.953:ERROR:process_memory_win.cc(73)] ReadMemory at 0xc2f63fc000 of 16384 bytes failed: Запрос ReadProcessMemory или WriteProcessMemory был выполнен только частично. (0x12B)
[1114/133059.954:ERROR:process_memory_win.cc(73)] ReadMemory at 0xc2ed322000 of 852 bytes failed: Запрос ReadProcessMemory или WriteProcessMemory был выполнен только частично. (0x12B)
[1114/133059.954:ERROR:process_memory_win.cc(73)] ReadMemory at 0xc2ed323000 of 6024 bytes failed: Запрос ReadProcessMemory или WriteProcessMemory был выполнен только частично. (0x12B)
[1114/133059.954:ERROR:process_memory_win.cc(73)] ReadMemory at 0xc2ed325000 of 6024 bytes failed: Запрос ReadProcessMemory или WriteProcessMemory был выполнен только частично. (0x12B)
[1114/133059.954:ERROR:process_memory_win.cc(73)] ReadMemory at 0xc2ed327000 of 6024 bytes failed: Запрос ReadProcessMemory или WriteProcessMemory был выполнен только частично. (0x12B)
[1114/133059.954:ERROR:process_memory_win.cc(73)] ReadMemory at 0xc2ed329000 of 6024 bytes failed: Запрос ReadProcessMemory или WriteProcessMemory был выполнен только частично. (0x12B)
[1114/133059.954:ERROR:process_memory_win.cc(73)] ReadMemory at 0xc2ed32b000 of 6024 bytes failed: Запрос ReadProcessMemory или WriteProcessMemory был выполнен только частично. (0x12B)
[1114/133059.954:ERROR:process_memory_win.cc(73)] ReadMemory at 0xc2ed32d000 of 6024 bytes failed: Запрос ReadProcessMemory или WriteProcessMemory был выполнен только частично. (0x12B)
[1114/133059.954:ERROR:process_memory_win.cc(73)] ReadMemory at 0xc2ed32f000 of 6024 bytes failed: Запрос ReadProcessMemory или WriteProcessMemory был выполнен только частично. (0x12B)
[1114/133059.954:ERROR:process_memory_win.cc(73)] ReadMemory at 0xc2ed331000 of 6024 bytes failed: Запрос ReadProcessMemory или WriteProcessMemory был выполнен только частично. (0x12B)
[1114/133059.955:ERROR:process_memory_win.cc(73)] ReadMemory at 0xc2ed333000 of 6024 bytes failed: Запрос ReadProcessMemory или WriteProcessMemory был выполнен только частично. (0x12B)
[1114/133059.955:ERROR:process_memory_win.cc(73)] ReadMemory at 0xc2ed335000 of 6024 bytes failed: Запрос ReadProcessMemory или WriteProcessMemory был выполнен только частично. (0x12B)
[1114/133059.955:ERROR:process_memory_win.cc(73)] ReadMemory at 0xc2ed337000 of 6024 bytes failed: Запрос ReadProcessMemory или WriteProcessMemory был выполнен только частично. (0x12B)
[1114/133059.955:ERROR:process_memory_win.cc(73)] ReadMemory at 0xc2ed339000 of 6024 bytes failed: Запрос ReadProcessMemory или WriteProcessMemory был выполнен только частично. (0x12B)
[1114/133059.955:ERROR:process_memory_win.cc(73)] ReadMemory at 0xc2ed33b000 of 6024 bytes failed: Запрос ReadProcessMemory или WriteProcessMemory был выполнен только частично. (0x12B)
[1114/133059.955:ERROR:process_memory_win.cc(73)] ReadMemory at 0xc2ed33d000 of 6024 bytes failed: Запрос ReadProcessMemory или WriteProcessMemory был выполнен только частично. (0x12B)
[1114/133059.955:ERROR:process_memory_win.cc(73)] ReadMemory at 0xc2ed33f000 of 6024 bytes failed: Запрос ReadProcessMemory или WriteProcessMemory был выполнен только частично. (0x12B)
[1114/133059.955:ERROR:process_memory_win.cc(73)] ReadMemory at 0xc2ed341000 of 6024 bytes failed: Запрос ReadProcessMemory или WriteProcessMemory был выполнен только частично. (0x12B)
[1114/133059.955:ERROR:process_memory_win.cc(73)] ReadMemory at 0xc2ed343000 of 6024 bytes failed: Запрос ReadProcessMemory или WriteProcessMemory был выполнен только частично. (0x12B)
[1114/133059.956:ERROR:process_memory_win.cc(73)] ReadMemory at 0xc2ed345000 of 6024 bytes failed: Запрос ReadProcessMemory или WriteProcessMemory был выполнен только частично. (0x12B)
[1114/133059.956:ERROR:process_memory_win.cc(73)] ReadMemory at 0xc2ed347000 of 6024 bytes failed: Запрос ReadProcessMemory или WriteProcessMemory был выполнен только частично. (0x12B)
[1114/133059.956:ERROR:process_memory_win.cc(73)] ReadMemory at 0x1feddab0f40 of 512 bytes failed: Запрос ReadProcessMemory или WriteProcessMemory был выполнен только частично. (0x12B)
[1114/133059.956:ERROR:process_memory_win.cc(73)] ReadMemory at 0x1feddb04f80 of 1012 bytes failed: Запрос ReadProcessMemory или WriteProcessMemory был выполнен только частично. (0x12B)
[1114/133059.956:ERROR:process_memory_win.cc(73)] ReadMemory at 0x1feddb055c8 of 132 bytes failed: Запрос ReadProcessMemory или WriteProcessMemory был выполнен только частично. (0x12B)
[1114/133059.956:ERROR:process_memory_win.cc(73)] ReadMemory at 0x1feddb0564e of 2094 bytes failed: Запрос ReadProcessMemory или WriteProcessMemory был выполнен только частично. (0x12B)
[1114/133059.956:ERROR:process_memory_win.cc(73)] ReadMemory at 0x1feddb05e7e of 132 bytes failed: Запрос ReadProcessMemory или WriteProcessMemory был выполнен только частично. (0x12B)
[1114/133059.956:ERROR:process_memory_win.cc(73)] ReadMemory at 0x1feddb05f04 of 98 bytes failed: Запрос ReadProcessMemory или WriteProcessMemory был выполнен только частично. (0x12B)
[1114/133059.956:ERROR:process_memory_win.cc(73)] ReadMemory at 0x1feddb05f80 of 58 bytes failed: Запрос ReadProcessMemory или WriteProcessMemory был выполнен только частично. (0x12B)
[1114/133059.956:ERROR:process_memory_win.cc(73)] ReadMemory at 0x1feddb06080 of 132 bytes failed: Запрос ReadProcessMemory или WriteProcessMemory был выполнен только частично. (0x12B)
[1114/133059.956:ERROR:process_memory_win.cc(73)] ReadMemory at 0x1feddb06210 of 132 bytes failed: Запрос ReadProcessMemory или WriteProcessMemory был выполнен только частично. (0x12B)
[1114/133059.956:ERROR:process_memory_win.cc(73)] ReadMemory at 0x1feddb063d0 of 136 bytes failed: Запрос ReadProcessMemory или WriteProcessMemory был выполнен только частично. (0x12B)
[1114/133059.956:ERROR:process_memory_win.cc(73)] ReadMemory at 0x1feddb068d0 of 132 bytes failed: Запрос ReadProcessMemory или WriteProcessMemory был выполнен только частично. (0x12B)
[1114/133059.957:ERROR:process_memory_win.cc(73)] ReadMemory at 0x1feddb06a60 of 64 bytes failed: Запрос ReadProcessMemory или WriteProcessMemory был выполнен только частично. (0x12B)
[1114/133059.957:ERROR:process_memory_win.cc(73)] ReadMemory at 0x1feddb06c20 of 132 bytes failed: Запрос ReadProcessMemory или WriteProcessMemory был выполнен только частично. (0x12B)
[1114/133059.957:ERROR:process_memory_win.cc(73)] ReadMemory at 0x1feddb06ee0 of 132 bytes failed: Запрос ReadProcessMemory или WriteProcessMemory был выполнен только частично. (0x12B)
[1114/133059.957:ERROR:process_memory_win.cc(73)] ReadMemory at 0x1feddb07070 of 68 bytes failed: Запрос ReadProcessMemory или WriteProcessMemory был выполнен только частично. (0x12B)
[1114/133059.957:ERROR:process_memory_win.cc(73)] ReadMemory at 0x1feddb083e0 of 132 bytes failed: Запрос ReadProcessMemory или WriteProcessMemory был выполнен только частично. (0x12B)
[1114/133059.957:ERROR:process_memory_win.cc(73)] ReadMemory at 0x1feddb08510 of 164 bytes failed: Запрос ReadProcessMemory или WriteProcessMemory был выполнен только частично. (0x12B)
[1114/133059.957:ERROR:process_memory_win.cc(73)] ReadMemory at 0x1feddb092f0 of 62 bytes failed: Запрос ReadProcessMemory или WriteProcessMemory был выполнен только частично. (0x12B)
[1114/133059.957:ERROR:process_memory_win.cc(73)] ReadMemory at 0x1feddb09450 of 132 bytes failed: Запрос ReadProcessMemory или WriteProcessMemory был выполнен только частично. (0x12B)
[1114/133059.957:ERROR:process_memory_win.cc(73)] ReadMemory at 0x1feddb095e0 of 60 bytes failed: Запрос ReadProcessMemory или WriteProcessMemory был выполнен только частично. (0x12B)
[1114/133059.957:ERROR:process_memory_win.cc(73)] ReadMemory at 0x1feddb19360 of 64 bytes failed: Запрос ReadProcessMemory или WriteProcessMemory был выполнен только частично. (0x12B)
[1114/133059.957:ERROR:process_memory_win.cc(73)] ReadMemory at 0x1feddb19400 of 62 bytes failed: Запрос ReadProcessMemory или WriteProcessMemory был выполнен только частично. (0x12B)
[1114/133059.957:ERROR:process_memory_win.cc(73)] ReadMemory at 0x1feddb19450 of 60 bytes failed: Запрос ReadProcessMemory или WriteProcessMemory был выполнен только частично. (0x12B)
[1114/133059.958:ERROR:process_memory_win.cc(73)] ReadMemory at 0x1feddb19860 of 64 bytes failed: Запрос ReadProcessMemory или WriteProcessMemory был выполнен только частично. (0x12B)
[1114/133059.958:ERROR:process_memory_win.cc(73)] ReadMemory at 0x1feddb199f0 of 60 bytes failed: Запрос ReadProcessMemory или WriteProcessMemory был выполнен только частично. (0x12B)
[1114/133059.958:ERROR:process_memory_win.cc(73)] ReadMemory at 0x1feddb19a40 of 62 bytes failed: Запрос ReadProcessMemory или WriteProcessMemory был выполнен только частично. (0x12B)
[1114/133059.958:ERROR:process_memory_win.cc(73)] ReadMemory at 0x1feddb19a90 of 64 bytes failed: Запрос ReadProcessMemory или WriteProcessMemory был выполнен только частично. (0x12B)
[1114/133059.958:ERROR:process_memory_win.cc(73)] ReadMemory at 0x1feddb19ae0 of 62 bytes failed: Запрос ReadProcessMemory или WriteProcessMemory был выполнен только частично. (0x12B)
[1114/133059.958:ERROR:process_memory_win.cc(73)] ReadMemory at 0x1feddb19bd0 of 64 bytes failed: Запрос ReadProcessMemory или WriteProcessMemory был выполнен только частично. (0x12B)
[1114/133059.958:ERROR:process_memory_win.cc(73)] ReadMemory at 0x1feddb19c20 of 66 bytes failed: Запрос ReadProcessMemory или WriteProcessMemory был выполнен только частично. (0x12B)
[1114/133059.958:ERROR:process_memory_win.cc(73)] ReadMemory at 0x1feddb19d10 of 62 bytes failed: Запрос ReadProcessMemory или WriteProcessMemory был выполнен только частично. (0x12B)
[1114/133059.958:ERROR:process_memory_win.cc(73)] ReadMemory at 0x1feddb19f90 of 64 bytes failed: Запрос ReadProcessMemory или WriteProcessMemory был выполнен только частично. (0x12B)
[1114/133059.958:ERROR:process_memory_win.cc(73)] ReadMemory at 0x1feddb19fe0 of 62 bytes failed: Запрос ReadProcessMemory или WriteProcessMemory был выполнен только частично. (0x12B)
[1114/133059.958:ERROR:process_memory_win.cc(73)] ReadMemory at 0x1feddb1a120 of 58 bytes failed: Запрос ReadProcessMemory или WriteProcessMemory был выполнен только частично. (0x12B)
[1114/133059.958:ERROR:process_memory_win.cc(73)] ReadMemory at 0x1feddb1cba0 of 132 bytes failed: Запрос ReadProcessMemory или WriteProcessMemory был выполнен только частично. (0x12B)
[1114/133059.958:ERROR:process_memory_win.cc(73)] ReadMemory at 0x1feddb1ccd0 of 132 bytes failed: Запрос ReadProcessMemory или WriteProcessMemory был выполнен только частично. (0x12B)
[1114/133059.959:ERROR:process_memory_win.cc(73)] ReadMemory at 0x1feddb1ce00 of 132 bytes failed: Запрос ReadProcessMemory или WriteProcessMemory был выполнен только частично. (0x12B)
[1114/133059.959:ERROR:process_memory_win.cc(73)] ReadMemory at 0x1feddb1cf30 of 132 bytes failed: Запрос ReadProcessMemory или WriteProcessMemory был выполнен только частично. (0x12B)
[1114/133059.959:ERROR:process_memory_win.cc(73)] ReadMemory at 0x1feddb1d060 of 132 bytes failed: Запрос ReadProcessMemory или WriteProcessMemory был выполнен только частично. (0x12B)
[1114/133059.959:ERROR:process_memory_win.cc(73)] ReadMemory at 0x1feddb1d190 of 132 bytes failed: Запрос ReadProcessMemory или WriteProcessMemory был выполнен только частично. (0x12B)
[1114/133059.959:ERROR:process_memory_win.cc(73)] ReadMemory at 0x1feddb1d2c0 of 132 bytes failed: Запрос ReadProcessMemory или WriteProcessMemory был выполнен только частично. (0x12B)
[1114/133059.959:ERROR:process_memory_win.cc(73)] ReadMemory at 0x1feddb1d3f0 of 132 bytes failed: Запрос ReadProcessMemory или WriteProcessMemory был выполнен только частично. (0x12B)
[1114/133059.959:ERROR:process_memory_win.cc(73)] ReadMemory at 0x1feddb1d520 of 132 bytes failed: Запрос ReadProcessMemory или WriteProcessMemory был выполнен только частично. (0x12B)
[1114/133059.959:ERROR:process_memory_win.cc(73)] ReadMemory at 0x1feddb1d650 of 132 bytes failed: Запрос ReadProcessMemory или WriteProcessMemory был выполнен только частично. (0x12B)
[1114/133059.959:ERROR:process_memory_win.cc(73)] ReadMemory at 0x1feddb1d780 of 132 bytes failed: Запрос ReadProcessMemory или WriteProcessMemory был выполнен только частично. (0x12B)
[1114/133059.959:ERROR:process_memory_win.cc(73)] ReadMemory at 0x1feddb1d8b0 of 132 bytes failed: Запрос ReadProcessMemory или WriteProcessMemory был выполнен только частично. (0x12B)
[1114/133059.959:ERROR:process_memory_win.cc(73)] ReadMemory at 0x1feddb1d9e0 of 132 bytes failed: Запрос ReadProcessMemory или WriteProcessMemory был выполнен только частично. (0x12B)
[1114/133059.959:ERROR:process_memory_win.cc(73)] ReadMemory at 0x1feddb1e480 of 80 bytes failed: Запрос ReadProcessMemory или WriteProcessMemory был выполнен только частично. (0x12B)
[1114/133059.959:ERROR:process_memory_win.cc(73)] ReadMemory at 0x1feddb1e660 of 80 bytes failed: Запрос ReadProcessMemory или WriteProcessMemory был выполнен только частично. (0x12B)
[1114/133059.959:ERROR:process_memory_win.cc(73)] ReadMemory at 0x1feddb24220 of 132 bytes failed: Запрос ReadProcessMemory или WriteProcessMemory был выполнен только частично. (0x12B)
[1114/133059.959:ERROR:process_memory_win.cc(73)] ReadMemory at 0x1feddb26c10 of 132 bytes failed: Запрос ReadProcessMemory или WriteProcessMemory был выполнен только частично. (0x12B)
[1114/133059.960:ERROR:process_memory_win.cc(73)] ReadMemory at 0x1feddb26d40 of 132 bytes failed: Запрос ReadProcessMemory или WriteProcessMemory был выполнен только частично. (0x12B)
[1114/133059.960:ERROR:process_memory_win.cc(73)] ReadMemory at 0x1feddb283c0 of 132 bytes failed: Запрос ReadProcessMemory или WriteProcessMemory был выполнен только частично. (0x12B)
[1114/133059.960:ERROR:process_memory_win.cc(73)] ReadMemory at 0x1feddb289f0 of 132 bytes failed: Запрос ReadProcessMemory или WriteProcessMemory был выполнен только частично. (0x12B)
[1114/133059.960:ERROR:process_memory_win.cc(73)] ReadMemory at 0x1feddb28c10 of 132 bytes failed: Запрос ReadProcessMemory или WriteProcessMemory был выполнен только частично. (0x12B)
[1114/133059.960:ERROR:process_memory_win.cc(73)] ReadMemory at 0x1feddb28f60 of 132 bytes failed: Запрос ReadProcessMemory или WriteProcessMemory был выполнен только частично. (0x12B)
[1114/133059.960:ERROR:process_memory_win.cc(73)] ReadMemory at 0x1feddb2a950 of 132 bytes failed: Запрос ReadProcessMemory или WriteProcessMemory был выполнен только частично. (0x12B)
[1114/133059.960:ERROR:process_memory_win.cc(73)] ReadMemory at 0x1feddb2ade0 of 132 bytes failed: Запрос ReadProcessMemory или WriteProcessMemory был выполнен только частично. (0x12B)
[1114/133059.960:ERROR:process_memory_win.cc(73)] ReadMemory at 0x1feddb2df20 of 156 bytes failed: Запрос ReadProcessMemory или WriteProcessMemory был выполнен только частично. (0x12B)
[1114/133059.960:ERROR:process_memory_win.cc(73)] ReadMemory at 0x1feddb2fa30 of 64 bytes failed: Запрос ReadProcessMemory или WriteProcessMemory был выполнен только частично. (0x12B)
[1114/133059.960:ERROR:process_memory_win.cc(73)] ReadMemory at 0x1feddb2fb70 of 64 bytes failed: Запрос ReadProcessMemory или WriteProcessMemory был выполнен только частично. (0x12B)
[1114/133059.960:ERROR:process_memory_win.cc(73)] ReadMemory at 0x1feddb2fc10 of 62 bytes failed: Запрос ReadProcessMemory или WriteProcessMemory был выполнен только частично. (0x12B)
[1114/133059.960:ERROR:process_memory_win.cc(73)] ReadMemory at 0x1feddb2fc60 of 60 bytes failed: Запрос ReadProcessMemory или WriteProcessMemory был выполнен только частично. (0x12B)
[1114/133059.961:ERROR:process_memory_win.cc(73)] ReadMemory at 0x1feddb300c0 of 62 bytes failed: Запрос ReadProcessMemory или WriteProcessMemory был выполнен только частично. (0x12B)
[1114/133059.961:ERROR:process_memory_win.cc(73)] ReadMemory at 0x1feddb30340 of 60 bytes failed: Запрос ReadProcessMemory или WriteProcessMemory был выполнен только частично. (0x12B)
[1114/133059.961:ERROR:process_memory_win.cc(73)] ReadMemory at 0x1feddb30480 of 62 bytes failed: Запрос ReadProcessMemory или WriteProcessMemory был выполнен только частично. (0x12B)
[1114/133059.961:ERROR:process_memory_win.cc(73)] ReadMemory at 0x1feddb305c0 of 62 bytes failed: Запрос ReadProcessMemory или WriteProcessMemory был выполнен только частично. (0x12B)
[1114/133059.961:ERROR:process_memory_win.cc(73)] ReadMemory at 0x1feddb30c30 of 132 bytes failed: Запрос ReadProcessMemory или WriteProcessMemory был выполнен только частично. (0x12B)
[1114/133059.961:ERROR:process_memory_win.cc(73)] ReadMemory at 0x1feddb31810 of 132 bytes failed: Запрос ReadProcessMemory или WriteProcessMemory был выполнен только частично. (0x12B)
[1114/133059.961:ERROR:process_memory_win.cc(73)] ReadMemory at 0x1feddb31940 of 132 bytes failed: Запрос ReadProcessMemory или WriteProcessMemory был выполнен только частично. (0x12B)
[1114/133059.961:ERROR:process_memory_win.cc(73)] ReadMemory at 0x1feddd2ce60 of 512 bytes failed: Запрос ReadProcessMemory или WriteProcessMemory был выполнен только частично. (0x12B)
[1114/133059.961:ERROR:process_memory_win.cc(73)] ReadMemory at 0x1feddd49350 of 712 bytes failed: Запрос ReadProcessMemory или WriteProcessMemory был выполнен только частично. (0x12B)
[1114/133059.962:ERROR:process_memory_win.cc(73)] ReadMemory at 0x1feddd5d170 of 512 bytes failed: Запрос ReadProcessMemory или WriteProcessMemory был выполнен только частично. (0x12B)
[1114/133059.962:ERROR:process_memory_win.cc(73)] ReadMemory at 0x1feddd65530 of 512 bytes failed: Запрос ReadProcessMemory или WriteProcessMemory был выполнен только частично. (0x12B)
[1114/133059.962:ERROR:process_memory_win.cc(73)] ReadMemory at 0x1feddd67cb0 of 512 bytes failed: Запрос ReadProcessMemory или WriteProcessMemory был выполнен только частично. (0x12B)
[1114/133059.962:ERROR:process_memory_win.cc(73)] ReadMemory at 0x1feddd6c9f0 of 512 bytes failed: Запрос ReadProcessMemory или WriteProcessMemory был выполнен только частично. (0x12B)
[1114/133059.962:ERROR:process_memory_win.cc(73)] ReadMemory at 0x1fedddabe10 of 512 bytes failed: Запрос ReadProcessMemory или WriteProcessMemory был выполнен только частично. (0x12B)
[1114/133059.962:ERROR:process_memory_win.cc(73)] ReadMemory at 0x1fedddf7b70 of 512 bytes failed: Запрос ReadProcessMemory или WriteProcessMemory был выполнен только частично. (0x12B)
[1114/133059.962:ERROR:process_memory_win.cc(73)] ReadMemory at 0x1fee0170000 of 384 bytes failed: Запрос ReadProcessMemory или WriteProcessMemory был выполнен только частично. (0x12B)
[1114/133059.962:ERROR:process_memory_win.cc(73)] ReadMemory at 0x1fee023ba20 of 560 bytes failed: Запрос ReadProcessMemory или WriteProcessMemory был выполнен только частично. (0x12B)
[1114/133059.962:ERROR:process_memory_win.cc(73)] ReadMemory at 0x1fee02462f0 of 512 bytes failed: Запрос ReadProcessMemory или WriteProcessMemory был выполнен только частично. (0x12B)
[1114/133059.962:ERROR:process_memory_win.cc(73)] ReadMemory at 0x125ab2ee1ac0 of 512 bytes failed: Запрос ReadProcessMemory или WriteProcessMemory был выполнен только частично. (0x12B)
[1114/133059.962:ERROR:process_memory_win.cc(73)] ReadMemory at 0x125ab2ee3618 of 512 bytes failed: Запрос ReadProcessMemory или WriteProcessMemory был выполнен только частично. (0x12B)
[1114/133059.962:ERROR:process_memory_win.cc(73)] ReadMemory at 0x29c608042e61 of 512 bytes failed: Запрос ReadProcessMemory или WriteProcessMemory был выполнен только частично. (0x12B)
[1114/133059.963:ERROR:process_memory_win.cc(73)] ReadMemory at 0x29c6083b3d28 of 512 bytes failed: Запрос ReadProcessMemory или WriteProcessMemory был выполнен только частично. (0x12B)
[1114/133059.963:ERROR:process_memory_win.cc(73)] ReadMemory at 0x29c6086278ac of 512 bytes failed: Запрос ReadProcessMemory или WriteProcessMemory был выполнен только частично. (0x12B)
[1114/133059.963:ERROR:process_memory_win.cc(73)] ReadMemory at 0x29c6086595fd of 512 bytes failed: Запрос ReadProcessMemory или WriteProcessMemory был выполнен только частично. (0x12B)
[1114/133059.963:ERROR:process_memory_win.cc(73)] ReadMemory at 0x29c60865b0f5 of 512 bytes failed: Запрос ReadProcessMemory или WriteProcessMemory был выполнен только частично. (0x12B)
[1114/133059.963:ERROR:process_memory_win.cc(73)] ReadMemory at 0x29c6091de488 of 512 bytes failed: Запрос ReadProcessMemory или WriteProcessMemory был выполнен только частично. (0x12B)
[1114/133059.963:ERROR:process_memory_win.cc(73)] ReadMemory at 0x4ee61cb3d608 of 512 bytes failed: Запрос ReadProcessMemory или WriteProcessMemory был выполнен только частично. (0x12B)
[1114/133059.963:ERROR:process_memory_win.cc(73)] ReadMemory at 0x61367c784e20 of 512 bytes failed: Запрос ReadProcessMemory или WriteProcessMemory был выполнен только частично. (0x12B)
[1114/133059.963:ERROR:process_memory_win.cc(73)] ReadMemory at 0x7ffe4caaa81c of 512 bytes failed: Запрос ReadProcessMemory или WriteProcessMemory был выполнен только частично. (0x12B)
[1114/133059.963:ERROR:process_memory_win.cc(73)] ReadMemory at 0x7ffe4cda7320 of 512 bytes failed: Запрос ReadProcessMemory или WriteProcessMemory был выполнен только частично. (0x12B)
[1114/133059.963:ERROR:process_memory_win.cc(73)] ReadMemory at 0x7ffe4d0affce of 512 bytes failed: Запрос ReadProcessMemory или WriteProcessMemory был выполнен только частично. (0x12B)
[1114/133059.963:ERROR:process_memory_win.cc(73)] ReadMemory at 0x7ffe519e1ef0 of 512 bytes failed: Запрос ReadProcessMemory или WriteProcessMemory был выполнен только частично. (0x12B)
[1114/133059.963:ERROR:process_memory_win.cc(73)] ReadMemory at 0x7ffecf114a50 of 512 bytes failed: Запрос ReadProcessMemory или WriteProcessMemory был выполнен только частично. (0x12B)
[1114/133059.963:ERROR:process_memory_win.cc(73)] ReadMemory at 0x7ffed112bda4 of 672 bytes failed: Запрос ReadProcessMemory или WriteProcessMemory был выполнен только частично. (0x12B)
[1114/133059.964:ERROR:process_memory_win.cc(73)] ReadMemory at 0x7ffed112c3a4 of 512 bytes failed: Запрос ReadProcessMemory или WriteProcessMemory был выполнен только частично. (0x12B)
[1114/133059.964:ERROR:process_memory_win.cc(73)] ReadMemory at 0x7ffed112f714 of 608 bytes failed: Запрос ReadProcessMemory или WriteProcessMemory был выполнен только частично. (0x12B)
[1114/133059.964:ERROR:process_memory_win.cc(73)] ReadMemory at 0x7ffed11c09e0 of 18 bytes failed: Запрос ReadProcessMemory или WriteProcessMemory был выполнен только частично. (0x12B)
[1114/133059.964:ERROR:process_memory_win.cc(73)] ReadMemory at 0x7ffed11f54f8 of 40 bytes failed: Запрос ReadProcessMemory или WriteProcessMemory был выполнен только частично. (0x12B)
[1114/133059.964:ERROR:process_memory_win.cc(73)] ReadMemory at 0x7ffed11f5978 of 48 bytes failed: Запрос ReadProcessMemory или WriteProcessMemory был выполнен только частично. (0x12B)
[1114/133059.964:ERROR:process_memory_win.cc(73)] ReadMemory at 0x7ffed11fb4c0 of 64 bytes failed: Запрос ReadProcessMemory или WriteProcessMemory был выполнен только частично. (0x12B)
[1114/133059.965:ERROR:scoped_process_suspend.cc(40)] NtResumeProcess: Попытка доступа к процессу, выполняющему процедуру завершения. (0xc000010a)
